<?xml version="1.0" encoding="UTF-8"?>
<!-- Generated by org.testng.reporters.JUnitReportReporter -->
<testsuite hostname="Ujin-Pc" failures="0" tests="1" name="Testpacage.FIsrtTest" time="0.004" errors="0" timestamp="2023-05-31T14:49:23 EEST" skipped="0">
  <testcase classname="Testpacage.FIsrtTest" name="firstTest" time="0.004"/>
</testsuite> <!-- Testpacage.FIsrtTest -->
